<component name="libraryTable">
  <library name="junit-jupiter-5.7.0">
    <CLASSES>
      <root url="jar://$MAVEN_REPOSITORY$/org/junit/jupiter/junit-jupiter/5.7.0/junit-jupiter-5.7.0.jar!/" />
    </CLASSES>
    <JAVADOC />
    <SOURCES />
  </library>
</component>